0 verbose cli /usr/local/bin/node /usr/local/bin/npm
1 info using npm@11.4.1
2 info using node@v23.11.1
3 silly config load:file:/usr/local/lib/node_modules/npm/npmrc
4 silly config load:file:/home/container/.npmrc
5 silly config load:file:/usr/local/etc/npmrc
6 verbose title npm install mysql2 express bcryptjs moment-timezone axios multer@latest chalk
7 verbose argv "install" "mysql2" "express" "bcryptjs" "moment-timezone" "axios" "multer@latest" "chalk"
8 verbose logfile logs-max:10 dir:/home/container/.npm/_logs/2025-06-05T13_24_27_895Z-
9 verbose logfile /home/container/.npm/_logs/2025-06-05T13_24_27_895Z-debug-0.log
10 silly logfile start cleaning logs, removing 1 files
11 silly logfile done cleaning log files
12 silly packumentCache heap:600571904 maxSize:150142976 maxEntrySize:75071488
13 silly packumentCache corgi:https://registry.npmjs.org/multer cache-miss
14 http fetch GET 200 https://registry.npmjs.org/multer 1407ms (cache updated)
15 silly packumentCache corgi:https://registry.npmjs.org/multer set size:undefined disposed:false
16 silly idealTree buildDeps
17 silly fetch manifest axios@^1.9.0
18 silly packumentCache full:https://registry.npmjs.org/axios cache-miss
19 http fetch GET 200 https://registry.npmjs.org/axios 150ms (cache revalidated)
20 silly packumentCache full:https://registry.npmjs.org/axios set size:660188 disposed:false
21 silly fetch manifest bcryptjs@^3.0.2
22 silly packumentCache full:https://registry.npmjs.org/bcryptjs cache-miss
23 http fetch GET 200 https://registry.npmjs.org/bcryptjs 71ms (cache revalidated)
24 silly packumentCache full:https://registry.npmjs.org/bcryptjs set size:77801 disposed:false
25 silly fetch manifest chalk@^5.4.1
26 silly packumentCache full:https://registry.npmjs.org/chalk cache-miss
27 http fetch GET 200 https://registry.npmjs.org/chalk 102ms (cache revalidated)
28 silly packumentCache full:https://registry.npmjs.org/chalk set size:122561 disposed:false
29 silly fetch manifest express@^5.1.0
30 silly packumentCache full:https://registry.npmjs.org/express cache-miss
31 http fetch GET 200 https://registry.npmjs.org/express 348ms (cache updated)
32 silly packumentCache full:https://registry.npmjs.org/express set size:undefined disposed:false
33 silly fetch manifest moment-timezone@^0.5.48
34 silly packumentCache full:https://registry.npmjs.org/moment-timezone cache-miss
35 http fetch GET 200 https://registry.npmjs.org/moment-timezone 459ms (cache revalidated)
36 silly packumentCache full:https://registry.npmjs.org/moment-timezone set size:159913 disposed:false
37 silly fetch manifest multer@2.0.1
38 silly packumentCache full:https://registry.npmjs.org/multer cache-miss
39 http fetch GET 200 https://registry.npmjs.org/multer 251ms (cache updated)
40 silly packumentCache full:https://registry.npmjs.org/multer set size:undefined disposed:false
41 silly fetch manifest mysql2@^3.14.1
42 silly packumentCache full:https://registry.npmjs.org/mysql2 cache-miss
43 http fetch GET 200 https://registry.npmjs.org/mysql2 146ms (cache revalidated)
44 silly packumentCache full:https://registry.npmjs.org/mysql2 set size:547031 disposed:false
45 silly placeDep ROOT axios@1.9.0 REPLACE for: aimxapi@1.0.0 want: ^1.9.0
46 silly placeDep ROOT bcryptjs@3.0.2 REPLACE for: aimxapi@1.0.0 want: ^3.0.2
47 silly placeDep ROOT chalk@5.4.1 REPLACE for: aimxapi@1.0.0 want: ^5.4.1
48 silly placeDep ROOT express@5.1.0 REPLACE for: aimxapi@1.0.0 want: ^5.1.0
49 silly placeDep ROOT moment-timezone@0.5.48 REPLACE for: aimxapi@1.0.0 want: ^0.5.48
50 silly placeDep ROOT multer@2.0.1 REPLACE for: aimxapi@1.0.0 want: 2.0.1
51 silly placeDep ROOT mysql2@3.14.1 REPLACE for: aimxapi@1.0.0 want: ^3.14.1
52 silly fetch manifest concat-stream@^2.0.0
53 silly packumentCache full:https://registry.npmjs.org/concat-stream cache-miss
54 http fetch GET 200 https://registry.npmjs.org/concat-stream 176ms (cache revalidated)
55 silly packumentCache full:https://registry.npmjs.org/concat-stream set size:63783 disposed:false
56 silly placeDep ROOT concat-stream@2.0.0 OK for: multer@2.0.1 want: ^2.0.0
57 silly fetch manifest buffer-from@^1.0.0
58 silly packumentCache full:https://registry.npmjs.org/buffer-from cache-miss
59 http fetch GET 200 https://registry.npmjs.org/buffer-from 165ms (cache revalidated)
60 silly packumentCache full:https://registry.npmjs.org/buffer-from set size:15463 disposed:false
61 silly fetch manifest readable-stream@^3.0.2
62 silly packumentCache full:https://registry.npmjs.org/readable-stream cache-miss
63 http fetch GET 200 https://registry.npmjs.org/readable-stream 93ms (cache revalidated)
64 silly packumentCache full:https://registry.npmjs.org/readable-stream set size:261096 disposed:false
65 silly fetch manifest typedarray@^0.0.6
66 silly packumentCache full:https://registry.npmjs.org/typedarray cache-miss
67 http fetch GET 200 https://registry.npmjs.org/typedarray 177ms (cache revalidated)
68 silly packumentCache full:https://registry.npmjs.org/typedarray set size:18469 disposed:false
69 silly placeDep ROOT buffer-from@1.1.2 OK for: concat-stream@2.0.0 want: ^1.0.0
70 silly placeDep ROOT readable-stream@3.6.2 OK for: concat-stream@2.0.0 want: ^3.0.2
71 silly placeDep ROOT typedarray@0.0.6 OK for: concat-stream@2.0.0 want: ^0.0.6
72 silly fetch manifest string_decoder@^1.1.1
73 silly packumentCache full:https://registry.npmjs.org/string_decoder cache-miss
74 http fetch GET 200 https://registry.npmjs.org/string_decoder 163ms (cache revalidated)
75 silly packumentCache full:https://registry.npmjs.org/string_decoder set size:28441 disposed:false
76 silly fetch manifest util-deprecate@^1.0.1
77 silly packumentCache full:https://registry.npmjs.org/util-deprecate cache-miss
78 http fetch GET 200 https://registry.npmjs.org/util-deprecate 148ms (cache revalidated)
79 silly packumentCache full:https://registry.npmjs.org/util-deprecate set size:6674 disposed:false
80 silly placeDep ROOT string_decoder@1.3.0 OK for: readable-stream@3.6.2 want: ^1.1.1
81 silly placeDep ROOT util-deprecate@1.0.2 OK for: readable-stream@3.6.2 want: ^1.0.1
82 silly reify mark retired [ '/home/container/node_modules/concat-stream' ]
83 silly reify mark retired [ '/home/container/node_modules/core-util-is' ]
84 silly reify mark retired [ '/home/container/node_modules/isarray' ]
85 silly reify mark retired [ '/home/container/node_modules/multer' ]
86 silly reify mark retired [ '/home/container/node_modules/process-nextick-args' ]
87 silly reify mark retired [ '/home/container/node_modules/readable-stream' ]
88 silly reify mark retired [ '/home/container/node_modules/string_decoder' ]
89 silly reify moves {
89 silly reify   '/home/container/node_modules/concat-stream': '/home/container/node_modules/.concat-stream-HJ2Tz6kf',
89 silly reify   '/home/container/node_modules/core-util-is': '/home/container/node_modules/.core-util-is-FPmPGzE4',
89 silly reify   '/home/container/node_modules/isarray': '/home/container/node_modules/.isarray-I8LtxXop',
89 silly reify   '/home/container/node_modules/multer': '/home/container/node_modules/.multer-YS7nsJZw',
89 silly reify   '/home/container/node_modules/process-nextick-args': '/home/container/node_modules/.process-nextick-args-mjEEWLuX',
89 silly reify   '/home/container/node_modules/readable-stream': '/home/container/node_modules/.readable-stream-rHa3HpRO',
89 silly reify   '/home/container/node_modules/string_decoder': '/home/container/node_modules/.string_decoder-vk8TkMwn'
89 silly reify }
90 silly audit bulk request {
90 silly audit   accepts: [ '2.0.0' ],
90 silly audit   'append-field': [ '1.0.0' ],
90 silly audit   asynckit: [ '0.4.0' ],
90 silly audit   'aws-ssl-profiles': [ '1.1.2' ],
90 silly audit   'body-parser': [ '2.2.0' ],
90 silly audit   busboy: [ '1.6.0' ],
90 silly audit   bytes: [ '3.1.2' ],
90 silly audit   'call-bind-apply-helpers': [ '1.0.2' ],
90 silly audit   'call-bound': [ '1.0.4' ],
90 silly audit   'combined-stream': [ '1.0.8' ],
90 silly audit   'content-disposition': [ '1.0.0' ],
90 silly audit   'content-type': [ '1.0.5' ],
90 silly audit   cookie: [ '0.7.2' ],
90 silly audit   'cookie-signature': [ '1.2.2', '1.0.7' ],
90 silly audit   cors: [ '2.8.5' ],
90 silly audit   debug: [ '4.4.0', '2.6.9' ],
90 silly audit   'delayed-stream': [ '1.0.0' ],
90 silly audit   denque: [ '2.1.0' ],
90 silly audit   depd: [ '2.0.0' ],
90 silly audit   'dunder-proto': [ '1.0.1' ],
90 silly audit   'ee-first': [ '1.1.1' ],
90 silly audit   encodeurl: [ '2.0.0' ],
90 silly audit   'es-define-property': [ '1.0.1' ],
90 silly audit   'es-errors': [ '1.3.0' ],
90 silly audit   'es-object-atoms': [ '1.1.1' ],
90 silly audit   'es-set-tostringtag': [ '2.1.0' ],
90 silly audit   'escape-html': [ '1.0.3' ],
90 silly audit   etag: [ '1.8.1' ],
90 silly audit   'express-session': [ '1.18.1' ],
90 silly audit   ms: [ '2.0.0', '2.1.3' ],
90 silly audit   finalhandler: [ '2.1.0' ],
90 silly audit   'follow-redirects': [ '1.15.9' ],
90 silly audit   'form-data': [ '4.0.2' ],
90 silly audit   'mime-db': [ '1.52.0', '1.54.0' ],
90 silly audit   'mime-types': [ '2.1.35', '3.0.1' ],
90 silly audit   forwarded: [ '0.2.0' ],
90 silly audit   fresh: [ '2.0.0' ],
90 silly audit   'function-bind': [ '1.1.2' ],
90 silly audit   'generate-function': [ '2.3.1' ],
90 silly audit   'get-intrinsic': [ '1.3.0' ],
90 silly audit   'get-proto': [ '1.0.1' ],
90 silly audit   gopd: [ '1.2.0' ],
90 silly audit   'has-symbols': [ '1.1.0' ],
90 silly audit   'has-tostringtag': [ '1.0.2' ],
90 silly audit   hasown: [ '2.0.2' ],
90 silly audit   'http-errors': [ '2.0.0' ],
90 silly audit   'iconv-lite': [ '0.6.3' ],
90 silly audit   inherits: [ '2.0.4' ],
90 silly audit   'ipaddr.js': [ '1.9.1' ],
90 silly audit   'is-promise': [ '4.0.0' ],
90 silly audit   'is-property': [ '1.0.2' ],
90 silly audit   long: [ '5.3.2' ],
90 silly audit   'lru-cache': [ '7.18.3' ],
90 silly audit   'lru.min': [ '1.1.2' ],
90 silly audit   'math-intrinsics': [ '1.1.0' ],
90 silly audit   'media-typer': [ '1.1.0', '0.3.0' ],
90 silly audit   'merge-descriptors': [ '2.0.0' ],
90 silly audit   minimist: [ '1.2.8' ],
90 silly audit   mkdirp: [ '0.5.6' ],
90 silly audit   moment: [ '2.30.1' ],
90 silly audit   'type-is': [ '2.0.1', '1.6.18' ],
90 silly audit   'named-placeholders': [ '1.1.3' ],
90 silly audit   negotiator: [ '1.0.0' ],
90 silly audit   'object-assign': [ '4.1.1' ],
90 silly audit   'object-inspect': [ '1.13.4' ],
90 silly audit   'on-finished': [ '2.4.1' ],
90 silly audit   'on-headers': [ '1.0.2' ],
90 silly audit   once: [ '1.4.0' ],
90 silly audit   parseurl: [ '1.3.3' ],
90 silly audit   'path-to-regexp': [ '8.2.0' ],
90 silly audit   'proxy-addr': [ '2.0.7' ],
90 silly audit   'proxy-from-env': [ '1.1.0' ],
90 silly audit   qs: [ '6.14.0' ],
90 silly audit   'random-bytes': [ '1.0.0' ],
90 silly audit   'range-parser': [ '1.2.1' ],
90 silly audit   'raw-body': [ '3.0.0' ],
90 silly audit   'safe-buffer': [ '5.2.1' ],
90 silly audit   router: [ '2.2.0' ],
90 silly audit   'safer-buffer': [ '2.1.2' ],
90 silly audit   send: [ '1.2.0' ],
90 silly audit   'seq-queue': [ '0.0.5' ],
90 silly audit   'serve-static': [ '2.2.0' ],
90 silly audit   setprototypeof: [ '1.2.0' ],
90 silly audit   'side-channel': [ '1.1.0' ],
90 silly audit   'side-channel-list': [ '1.0.0' ],
90 silly audit   'side-channel-map': [ '1.0.1' ],
90 silly audit   'side-channel-weakmap': [ '1.0.2' ],
90 silly audit   sqlstring: [ '2.3.3' ],
90 silly audit   statuses: [ '2.0.1' ],
90 silly audit   streamsearch: [ '1.1.0' ],
90 silly audit   toidentifier: [ '1.0.1' ],
90 silly audit   'uid-safe': [ '2.1.5' ],
90 silly audit   unpipe: [ '1.0.0' ],
90 silly audit   vary: [ '1.1.2' ],
90 silly audit   wrappy: [ '1.0.2' ],
90 silly audit   xtend: [ '4.0.2' ],
90 silly audit   axios: [ '1.9.0' ],
90 silly audit   bcryptjs: [ '3.0.2' ],
90 silly audit   chalk: [ '5.4.1' ],
90 silly audit   express: [ '5.1.0' ],
90 silly audit   'moment-timezone': [ '0.5.48' ],
90 silly audit   multer: [ '2.0.1' ],
90 silly audit   mysql2: [ '3.14.1' ],
90 silly audit   'concat-stream': [ '2.0.0' ],
90 silly audit   'buffer-from': [ '1.1.2' ],
90 silly audit   'readable-stream': [ '3.6.2' ],
90 silly audit   typedarray: [ '0.0.6' ],
90 silly audit   string_decoder: [ '1.3.0' ],
90 silly audit   'util-deprecate': [ '1.0.2' ]
90 silly audit }
91 http cache readable-stream@https://registry.npmjs.org/readable-stream/-/readable-stream-3.6.2.tgz 1ms (cache hit)
92 http cache string_decoder@https://registry.npmjs.org/string_decoder/-/string_decoder-1.3.0.tgz 0ms (cache hit)
93 silly tarball no local data for readable-stream@https://registry.npmjs.org/readable-stream/-/readable-stream-3.6.2.tgz. Extracting by manifest.
94 silly tarball no local data for string_decoder@https://registry.npmjs.org/string_decoder/-/string_decoder-1.3.0.tgz. Extracting by manifest.
95 http cache concat-stream@https://registry.npmjs.org/concat-stream/-/concat-stream-2.0.0.tgz 1ms (cache hit)
96 http cache multer@https://registry.npmjs.org/multer/-/multer-2.0.1.tgz 1ms (cache hit)
97 silly tarball no local data for concat-stream@https://registry.npmjs.org/concat-stream/-/concat-stream-2.0.0.tgz. Extracting by manifest.
98 silly tarball no local data for multer@https://registry.npmjs.org/multer/-/multer-2.0.1.tgz. Extracting by manifest.
99 http fetch POST 200 https://registry.npmjs.org/-/npm/v1/security/advisories/bulk 123ms
100 silly audit report {}
101 http fetch GET 200 https://registry.npmjs.org/concat-stream/-/concat-stream-2.0.0.tgz 521ms (cache miss)
102 http fetch GET 200 https://registry.npmjs.org/string_decoder/-/string_decoder-1.3.0.tgz 563ms (cache miss)
103 http fetch GET 200 https://registry.npmjs.org/multer/-/multer-2.0.1.tgz 626ms (cache miss)
104 http fetch GET 200 https://registry.npmjs.org/readable-stream/-/readable-stream-3.6.2.tgz 876ms (cache miss)
105 silly CHANGE node_modules/string_decoder
106 silly REMOVE node_modules/string_decoder/node_modules/safe-buffer
107 silly CHANGE node_modules/readable-stream
108 silly REMOVE node_modules/readable-stream/node_modules/safe-buffer
109 silly REMOVE node_modules/process-nextick-args
110 silly CHANGE node_modules/multer
111 silly REMOVE node_modules/isarray
112 silly REMOVE node_modules/core-util-is
113 silly CHANGE node_modules/concat-stream
114 verbose cwd /home/container
115 verbose os Linux 6.8.0-58-generic
116 verbose node v23.11.1
117 verbose npm  v11.4.1
118 verbose exit 0
119 info ok
